<?xml version="1.0" encoding="UTF-8"?>
<!-- Generated by org.testng.reporters.JUnitReportReporter -->
<testsuite hostname="DESKTOP-AS2VG5U" failures="0" tests="2" name="testNGpack2.MethodExecution" time="0.020" errors="0" timestamp="2023-06-05T18:27:54 IST" skipped="0">
  <testcase classname="testNGpack2.MethodExecution" name="Method1" time="0.015"/>
  <system-out>
    <![CDATA[1: is the thread id of Method
method 1]]>
  </system-out>
  <testcase classname="testNGpack2.MethodExecution" name="Method2" time="0.005"/>
  <system-out>
    <![CDATA[1: is the thread id of Method
method 2]]>
  </system-out>
</testsuite> <!-- testNGpack2.MethodExecution -->
