<?xml version="1.0" encoding="UTF-8"?>
<!-- Generated by org.testng.reporters.JUnitReportReporter -->
<testsuite hostname="DESKTOP-AS2VG5U" failures="0" tests="2" name="testNGAnnotation.Annotations" time="0.017" errors="0" timestamp="2023-06-08T15:30:11 IST" skipped="0">
  <testcase classname="testNGAnnotation.Annotations" name="testMethod" time="0.005"/>
  <system-out>
    <![CDATA[Test Annotation]]>
  </system-out>
  <testcase classname="testNGAnnotation.Annotations" name="f" time="0.012"/>
  <system-out>
    <![CDATA[Test Annotation]]>
  </system-out>
</testsuite> <!-- testNGAnnotation.Annotations -->
