<?xml version="1.0" encoding="UTF-8"?>
<!-- Generated by org.testng.reporters.JUnitReportReporter -->
<testsuite hostname="DESKTOP-AS2VG5U" failures="0" tests="1" name="testNGpackage.Remo" time="0.003" errors="0" timestamp="2023-06-05T22:56:06 IST" skipped="0">
  <testcase classname="testNGpackage.Remo" name="remoMethod" time="0.003"/>
  <system-out>
    <![CDATA[Hii Java..!!]]>
  </system-out>
</testsuite> <!-- testNGpackage.Remo -->
