<?xml version="1.0" encoding="UTF-8"?>
<!-- Generated by org.testng.reporters.JUnitReportReporter -->
<testsuite hostname="DESKTOP-AS2VG5U" failures="0" tests="3" name="testNGpack2.DemoTest2" time="0.019" errors="0" timestamp="2023-06-05T17:54:09 IST" skipped="0">
  <testcase classname="testNGpack2.DemoTest2" name="f" time="0.002"/>
  <system-out>
    <![CDATA[f method from DemoTest2]]>
  </system-out>
  <testcase classname="testNGpack2.DemoTest2" name="f1" time="0.002"/>
  <system-out>
    <![CDATA[f1 method from DemoTest2]]>
  </system-out>
  <testcase classname="testNGpack2.DemoTest2" name="e" time="0.015"/>
  <system-out>
    <![CDATA[e method from DemoTest2]]>
  </system-out>
</testsuite> <!-- testNGpack2.DemoTest2 -->
