<?xml version="1.0" encoding="UTF-8"?>
<!-- Generated by org.testng.reporters.JUnitReportReporter -->
<testsuite hostname="DESKTOP-AS2VG5U" failures="0" tests="3" name="testNGpack2.DemoTest1" time="0.022" errors="0" timestamp="2023-06-05T17:50:37 IST" skipped="0">
  <testcase classname="testNGpack2.DemoTest1" name="c" time="0.004"/>
  <system-out>
    <![CDATA[c method from DemoTest1]]>
  </system-out>
  <testcase classname="testNGpack2.DemoTest1" name="a" time="0.015"/>
  <system-out>
    <![CDATA[a method from DemoTest1]]>
  </system-out>
  <testcase classname="testNGpack2.DemoTest1" name="b" time="0.003"/>
  <system-out>
    <![CDATA[b method from DemoTest1]]>
  </system-out>
</testsuite> <!-- testNGpack2.DemoTest1 -->
