<?xml version="1.0" encoding="UTF-8"?>
<!-- Generated by org.testng.reporters.JUnitReportReporter -->
<testsuite hostname="DESKTOP-AS2VG5U" failures="0" tests="1" name="testNGpack2.Test1" time="36.095" errors="0" timestamp="2023-06-05T18:22:35 IST" skipped="0">
  <testcase classname="testNGpack2.Test1" name="Test1Module" time="36.095"/>
  <system-out/>
</testsuite> <!-- testNGpack2.Test1 -->
