<?xml version="1.0" encoding="UTF-8"?>
<!-- Generated by org.testng.reporters.JUnitReportReporter -->
<testsuite hostname="DESKTOP-AS2VG5U" failures="0" tests="2" name="TestNGFlags.flag2" time="0.014" errors="0" timestamp="2023-06-08T15:41:41 IST" skipped="1">
  <testcase classname="TestNGFlags.flag2" name="method1" time="0.014"/>
  <system-out>
    <![CDATA[login performed!!]]>
  </system-out>
  <testcase classname="TestNGFlags.flag2" name="method2">
    <skipped/>
  </testcase> <!-- method2 -->
  <system-out/>
</testsuite> <!-- TestNGFlags.flag2 -->
