<?xml version="1.0" encoding="UTF-8"?>
<!-- Generated by org.testng.reporters.JUnitReportReporter -->
<testsuite hostname="DESKTOP-AS2VG5U" failures="0" tests="1" name="testNGpackage.Sumo" time="0.016" errors="0" timestamp="2023-06-05T22:56:06 IST" skipped="0">
  <testcase classname="testNGpackage.Sumo" name="sumoMethod" time="0.016"/>
  <system-out>
    <![CDATA[Where is selenium..]]>
  </system-out>
</testsuite> <!-- testNGpackage.Sumo -->
