<?xml version="1.0" encoding="UTF-8"?>
<!-- Generated by org.testng.reporters.JUnitReportReporter -->
<testsuite hostname="DESKTOP-AS2VG5U" failures="0" tests="3" name="testNGpack2.DemoTest3" time="0.022" errors="0" timestamp="2023-06-05T17:57:20 IST" skipped="0">
  <testcase classname="testNGpack2.DemoTest3" name="i" time="0.004"/>
  <system-out>
    <![CDATA[i method from DemoTest3]]>
  </system-out>
  <testcase classname="testNGpack2.DemoTest3" name="g" time="0.015"/>
  <system-out>
    <![CDATA[g method from DemoTest3]]>
  </system-out>
  <testcase classname="testNGpack2.DemoTest3" name="h" time="0.003"/>
  <system-out>
    <![CDATA[h method from DemoTest3]]>
  </system-out>
</testsuite> <!-- testNGpack2.DemoTest3 -->
