<?xml version="1.0" encoding="UTF-8"?>
<!-- Generated by org.testng.reporters.JUnitReportReporter -->
<testsuite hostname="DESKTOP-AS2VG5U" failures="0" tests="1" name="TestNGFlags.Flag1" time="0.015" errors="0" timestamp="2023-06-08T15:36:06 IST" skipped="0">
  <testcase classname="TestNGFlags.Flag1" name="method1" time="0.015"/>
  <system-out>
    <![CDATA[method1 login!!]]>
  </system-out>
</testsuite> <!-- TestNGFlags.Flag1 -->
