<?xml version="1.0" encoding="UTF-8"?>
<!-- Generated by org.testng.reporters.JUnitReportReporter -->
<testsuite hostname="DESKTOP-AS2VG5U" failures="0" tests="3" name="TestNGFlags.Flag5" time="0.016" errors="0" timestamp="2023-06-08T16:06:13 IST" skipped="0">
  <testcase classname="TestNGFlags.Flag5" name="loginMethod" time="0.013"/>
  <system-out>
    <![CDATA[login performed!!]]>
  </system-out>
  <testcase classname="TestNGFlags.Flag5" name="createuser" time="0.001"/>
  <system-out>
    <![CDATA[user created]]>
  </system-out>
  <testcase classname="TestNGFlags.Flag5" name="logoutMethod" time="0.002"/>
  <system-out>
    <![CDATA[logout performed!!]]>
  </system-out>
</testsuite> <!-- TestNGFlags.Flag5 -->
